  Building Custom Rule C:/Users/huensf/.robotran/mbsysc/MBsysC/mbs_common/mbs_module/CMakeLists.txt
  mbs_Mred.c
  mbs_Rred.c
  mbs_aux.c
  mbs_calc_force.c
  mbs_close_loops.c
  mbs_dirdyn.c
  mbs_dirdynared.c
  mbs_equil.c
  mbs_invdyn.c
  mbs_invdynared.c
  mbs_kalman.c
  mbs_linearipk.c
  mbs_lqr.c
  mbs_modal.c
  mbs_part.c
  mbs_project_fct_ptr.c
  mbs_sensor_utilities.c
  mbs_solvekin.c
  mbs_statespace.c
  Génération de code en cours...
  MBsysC_module.vcxproj -> C:\Users\huensf\Documents\Cours\Master\M2Q1\Vehicle\car\workR\build\mbs_common\mbs_module\Debug\MBsysC_module.lib
