  Building Custom Rule C:/Users/Lucas/.robotran/mbsysc/MBsysC/mbs_common/mbs_numerics/CMakeLists.txt
  choldc.c
  ludcmp.c
  cholesky.c
  cholsl.c
  integrator.c
  lubksb.c
  svbksb.c
  svdcmp.c
  svdcmp_lapack.c
  mbs_custom.c
  mbs_euler_explicit.c
  mbs_rk4.c
  rk4.c
  mbs_dopri5.c
  rosenbrock.c
  thetaSC.c
  dopri5.c
  bader.c
  euler_implicit.c
  mbs_w_methods.c
  Génération de code en cours...
  Compilation en cours...
  w_methods.c
  mbs_bader.c
  mbs_euler_implicit.c
  mbs_rosenbrock.c
  eig_lapack.c
  rank_lapack.c
  inverse_lapack.c
  schur_lapack.c
  riccati.c
  Génération de code en cours...
  MBsysC_numerics.vcxproj -> C:\Users\Lucas\Documents\Robotran_Projects\vsd\workR\build\mbs_common\mbs_numerics\Debug\MBsysC_numerics.lib
